This is pdfeTeX, Version 3.141592-1.21a-2.2 (Web2C 7.5.4) (format=latex 2007.4.25)  23 MAY 2007 00:29
entering extended mode
**./images.tex
(./images.tex
LaTeX2e <2003/12/01>
Babel <v3.8d> and hyphenation patterns for american, french, german, ngerman, b
ahasa, basque, bulgarian, catalan, croatian, czech, danish, dutch, esperanto, e
stonian, finnish, greek, icelandic, irish, italian, latin, magyar, norsk, polis
h, portuges, romanian, russian, serbian, slovak, slovene, spanish, swedish, tur
kish, ukrainian, nohyphenation, loaded.

(/usr/share/texmf-tetex/tex/latex/koma-script/scrbook.cls
Document Class: scrbook 2004/09/16 v2.9t LaTeX2e KOMA document class
(/usr/share/texmf-tetex/tex/latex/koma-script/scrlfile.sty
Package: scrlfile 2004/09/16 v2.9t LaTeX2e KOMA package
Package scrlfile, 2004/09/16 v2.9t LaTeX2e KOMA package
                  Copyright (C) Markus Kohm

) (/usr/share/texmf-tetex/tex/latex/base/bk10.clo
File: bk10.clo 2004/02/16 v1.4f Standard LaTeX file (size option)
) (/usr/share/texmf-tetex/tex/latex/koma-script/typearea.sty
Package: typearea 2004/09/16 v2.9t LaTeX2e KOMA package
Package typearea, 2004/09/16 v2.9t LaTeX2e KOMA package
                  Copyright (C) Frank Neukam, 1992-1994
                  Copyright (C) Markus Kohm, 1994-2002

\ta@bcor=\skip41
\ta@div=\count79
\ta@hblk=\skip42
\ta@vblk=\skip43
\ta@temp=\skip44
Package typearea Info: These are the values describing the layout:
(typearea)             DIV  = 8
(typearea)             BCOR = 0.0pt
(typearea)             \paperwidth      = 597.50793pt
(typearea)              \textwidth      = 373.44246pt
(typearea)              \columnwidth    = 0.0pt
(typearea)              \columnsep      = 0.0pt
(typearea)              DIV-departure   = -4/100
(typearea)              \evensidemargin = 39.76274pt
(typearea)              \oddsidemargin  = 39.76274pt
(typearea)             \paperheight     = 845.04694pt
(typearea)              \textheight     = 538.0pt
(typearea)              \topmargin      = 0.36087pt
(typearea)              \headheight     = 15.0pt
(typearea)              \headsep        = 18.0pt
(typearea)              \topskip        = 10.0pt
(typearea)              \footskip       = 42.0pt
(typearea)              \baselineskip   = 12.0pt
(typearea)              on input line 633.
)
\c@part=\count80
\c@chapter=\count81
\c@section=\count82
\c@subsection=\count83
\c@subsubsection=\count84
\c@paragraph=\count85
\c@subparagraph=\count86
\c@figure=\count87
\c@table=\count88
\abovecaptionskip=\skip45
\belowcaptionskip=\skip46
\c@pti@nb@sid@b@x=\box26
\bibindent=\dimen102
) (/usr/share/texmf-tetex/tex/latex/base/ifthen.sty
Package: ifthen 2001/05/26 v1.1c Standard LaTeX ifthen package (DPC)
) (/usr/share/texmf-tetex/tex/latex/pslatex/pslatex.sty
Package: pslatex 1996/07/24 v1.2 pslatex emulation (DPC)
LaTeX Font Info:    Redeclaring symbol font `operators' on input line 65.
LaTeX Font Info:    Overwriting symbol font `operators' in version `normal'
(Font)                  OT1/cmr/m/n --> OT1/ptmcm/m/n on input line 65.
LaTeX Font Info:    Overwriting symbol font `operators' in version `bold'
(Font)                  OT1/cmr/bx/n --> OT1/ptmcm/m/n on input line 65.
LaTeX Font Info:    Redeclaring symbol font `letters' on input line 66.
LaTeX Font Info:    Overwriting symbol font `letters' in version `normal'
(Font)                  OML/cmm/m/it --> OML/ptmcm/m/it on input line 66.
LaTeX Font Info:    Overwriting symbol font `letters' in version `bold'
(Font)                  OML/cmm/b/it --> OML/ptmcm/m/it on input line 66.
LaTeX Font Info:    Redeclaring symbol font `symbols' on input line 67.
LaTeX Font Info:    Overwriting symbol font `symbols' in version `normal'
(Font)                  OMS/cmsy/m/n --> OMS/pzccm/m/n on input line 67.
LaTeX Font Info:    Overwriting symbol font `symbols' in version `bold'
(Font)                  OMS/cmsy/b/n --> OMS/pzccm/m/n on input line 67.
LaTeX Font Info:    Redeclaring symbol font `largesymbols' on input line 68.
LaTeX Font Info:    Overwriting symbol font `largesymbols' in version `normal'
(Font)                  OMX/cmex/m/n --> OMX/psycm/m/n on input line 68.
LaTeX Font Info:    Overwriting symbol font `largesymbols' in version `bold'
(Font)                  OMX/cmex/m/n --> OMX/psycm/m/n on input line 68.
\symbold=\mathgroup4
\symitalic=\mathgroup5
LaTeX Font Info:    Redeclaring math alphabet \mathbf on input line 74.
LaTeX Font Info:    Overwriting math alphabet `\mathbf' in version `normal'
(Font)                  OT1/cmr/bx/n --> OT1/ptm/bx/n on input line 74.
LaTeX Font Info:    Overwriting math alphabet `\mathbf' in version `bold'
(Font)                  OT1/cmr/bx/n --> OT1/ptm/bx/n on input line 74.
LaTeX Font Info:    Redeclaring math alphabet \mathit on input line 75.
LaTeX Font Info:    Overwriting math alphabet `\mathit' in version `normal'
(Font)                  OT1/cmr/m/it --> OT1/ptm/m/it on input line 75.
LaTeX Font Info:    Overwriting math alphabet `\mathit' in version `bold'
(Font)                  OT1/cmr/bx/it --> OT1/ptm/m/it on input line 75.
) (/usr/share/texmf-tetex/tex/latex/base/fontenc.sty
Package: fontenc 2004/02/22 v1.99f Standard LaTeX package
(/usr/share/texmf-tetex/tex/latex/base/t1enc.def
File: t1enc.def 2004/02/22 v1.99f Standard LaTeX file
LaTeX Font Info:    Redeclaring font encoding T1 on input line 43.
)) (/usr/share/texmf-tetex/tex/latex/base/inputenc.sty
Package: inputenc 2004/02/05 v1.0d Input encoding file
(/usr/share/texmf-tetex/tex/latex/base/latin1.def
File: latin1.def 2004/02/05 v1.0d Input encoding file
)) (/usr/share/texmf-tetex/tex/latex/geometry/geometry.sty
Package: geometry 2002/07/08 v3.2 Page Geometry
(/usr/share/texmf-tetex/tex/latex/graphics/keyval.sty
Package: keyval 1999/03/16 v1.13 key=value parser (DPC)
\KV@toks@=\toks14
)
\Gm@cnth=\count89
\Gm@cntv=\count90
\c@Gm@tempcnt=\count91
\Gm@bindingoffset=\dimen103
\Gm@wd@mp=\dimen104
\Gm@odd@mp=\dimen105
\Gm@even@mp=\dimen106
\Gm@dimlist=\toks15
(/usr/share/texmf-tetex/tex/latex/geometry/geometry.cfg)) (/usr/share/texmf-tet
ex/tex/latex/tools/verbatim.sty
Package: verbatim 2003/08/22 v1.5q LaTeX2e package for verbatim enhancements
\every@verbatim=\toks16
\verbatim@line=\toks17
\verbatim@in@stream=\read1
) (/usr/share/texmf-tetex/tex/latex/amsmath/amsmath.sty
Package: amsmath 2000/07/18 v2.13 AMS math features
\@mathmargin=\skip47
For additional information on amsmath, use the `?' option.
(/usr/share/texmf-tetex/tex/latex/amsmath/amstext.sty
Package: amstext 2000/06/29 v2.01
(/usr/share/texmf-tetex/tex/latex/amsmath/amsgen.sty
File: amsgen.sty 1999/11/30 v2.0
\@emptytoks=\toks18
\ex@=\dimen107
)) (/usr/share/texmf-tetex/tex/latex/amsmath/amsbsy.sty
Package: amsbsy 1999/11/29 v1.2d
\pmbraise@=\dimen108
) (/usr/share/texmf-tetex/tex/latex/amsmath/amsopn.sty
Package: amsopn 1999/12/14 v2.01 operator names
)
\inf@bad=\count92
LaTeX Info: Redefining \frac on input line 211.
\uproot@=\count93
\leftroot@=\count94
LaTeX Info: Redefining \overline on input line 307.
\classnum@=\count95
\DOTSCASE@=\count96
LaTeX Info: Redefining \ldots on input line 379.
LaTeX Info: Redefining \dots on input line 382.
LaTeX Info: Redefining \cdots on input line 467.
\Mathstrutbox@=\box27
\strutbox@=\box28
\big@size=\dimen109
LaTeX Font Info:    Redeclaring font encoding OML on input line 567.
LaTeX Font Info:    Redeclaring font encoding OMS on input line 568.
\macc@depth=\count97
\c@MaxMatrixCols=\count98
\dotsspace@=\muskip10
\c@parentequation=\count99
\dspbrk@lvl=\count100
\tag@help=\toks19
\row@=\count101
\column@=\count102
\maxfields@=\count103
\andhelp@=\toks20
\eqnshift@=\dimen110
\alignsep@=\dimen111
\tagshift@=\dimen112
\tagwidth@=\dimen113
\totwidth@=\dimen114
\lineht@=\dimen115
\@envbody=\toks21
\multlinegap=\skip48
\multlinetaggap=\skip49
\mathdisplay@stack=\toks22
LaTeX Info: Redefining \[ on input line 2666.
LaTeX Info: Redefining \] on input line 2667.
) (/usr/share/texmf-tetex/tex/latex/base/makeidx.sty
Package: makeidx 2000/03/29 v1.0m Standard LaTeX package
)
\@indexfile=\write3
\openout3 = `images.idx'.

Writing index file images.idx
(/usr/share/texmf-tetex/tex/latex/graphics/graphicx.sty
Package: graphicx 1999/02/16 v1.0f Enhanced LaTeX Graphics (DPC,SPQR)
(/usr/share/texmf-tetex/tex/latex/graphics/graphics.sty
Package: graphics 2001/07/07 v1.0n Standard LaTeX Graphics (DPC,SPQR)
(/usr/share/texmf-tetex/tex/latex/graphics/trig.sty
Package: trig 1999/03/16 v1.09 sin cos tan (DPC)
) (/usr/share/texmf-tetex/tex/latex/graphics/graphics.cfg
File: graphics.cfg 2005/02/03 v1.3 graphics configuration of teTeX/TeXLive
)
Package graphics Info: Driver file: dvips.def on input line 80.
(/usr/share/texmf-tetex/tex/latex/graphics/dvips.def
File: dvips.def 1999/02/16 v3.0i Driver-dependant file (DPC,SPQR)
))
\Gin@req@height=\dimen116
\Gin@req@width=\dimen117
) (/usr/share/texmf-tetex/tex/latex/amsfonts/amssymb.sty
Package: amssymb 2002/01/22 v2.2d
(/usr/share/texmf-tetex/tex/latex/amsfonts/amsfonts.sty
Package: amsfonts 2001/10/25 v2.2f
\symAMSa=\mathgroup6
\symAMSb=\mathgroup7
LaTeX Font Info:    Overwriting math alphabet `\mathfrak' in version `bold'
(Font)                  U/euf/m/n --> U/euf/b/n on input line 132.
)) (/usr/share/texmf-tetex/tex/latex/url/url.sty
\Urlmuskip=\muskip11
Package: url 2004/03/15  ver 3.1  Verb mode for urls, etc.
) (/usr/share/texmf-tetex/tex/generic/babel/babel.sty
Package: babel 2004/11/20 v3.8d The Babel package
(/usr/share/texmf-tetex/tex/generic/babel/english.ldf
Language: english 2004/06/14 v3.3o English support from the babel system
(/usr/share/texmf-tetex/tex/generic/babel/babel.def
File: babel.def 2004/11/20 v3.8d Babel common definitions
\babel@savecnt=\count104
\U@D=\dimen118
)
\l@british = a dialect from \language\l@english 
\l@UKenglish = a dialect from \language\l@english 
\l@canadian = a dialect from \language\l@american 
\l@australian = a dialect from \language\l@british 
\l@newzealand = a dialect from \language\l@british 
)) (/usr/share/texmf-tetex/tex/latex/graphics/color.sty
Package: color 1999/02/16 v1.0i Standard LaTeX Color (DPC)
(/usr/share/texmf-tetex/tex/latex/graphics/color.cfg
File: color.cfg 2005/02/03 v1.3 color configuration of teTeX/TeXLive
)
Package color Info: Driver file: dvips.def on input line 125.
(/usr/share/texmf-tetex/tex/latex/graphics/dvipsnam.def
File: dvipsnam.def 1999/02/16 v3.0i Driver-dependant file (DPC,SPQR)
))
\sizebox=\box29
\lthtmlwrite=\write4
(./images.aux)
\openout1 = `images.aux'.

LaTeX Font Info:    Checking defaults for OML/cmm/m/it on input line 165.
LaTeX Font Info:    ... okay on input line 165.
LaTeX Font Info:    Checking defaults for T1/cmr/m/n on input line 165.
LaTeX Font Info:    ... okay on input line 165.
LaTeX Font Info:    Checking defaults for OT1/cmr/m/n on input line 165.
LaTeX Font Info:    ... okay on input line 165.
LaTeX Font Info:    Checking defaults for OMS/pzccm/m/n on input line 165.
LaTeX Font Info:    Try loading font information for OMS+pzccm on input line 16
5.
(/usr/share/texmf-tetex/tex/latex/psnfss/omspzccm.fd
File: omspzccm.fd 2000/01/03 Fontinst v1.801 font definitions for OMS/pzccm.
)
LaTeX Font Info:    ... okay on input line 165.
LaTeX Font Info:    Checking defaults for OMX/cmex/m/n on input line 165.
LaTeX Font Info:    ... okay on input line 165.
LaTeX Font Info:    Checking defaults for U/cmr/m/n on input line 165.
LaTeX Font Info:    ... okay on input line 165.

Package geometry Warning: The marginal notes would fall off the page.
     Add 30.6231pt and more to the right margin.

-------------------- Geometry parameters
paper: letterpaper
landscape: --
twocolumn: --
twoside: --
asymmetric: --
h-parts: 56.9055pt, 500.484pt, 56.9055pt
v-parts: 56.9055pt, 681.15898pt, 56.9055pt
hmarginratio: --
vmarginratio: --
lines: --
heightrounded: --
bindingoffset: 0.0pt
truedimen: --
includehead: --
includefoot: --
includemp: --
driver: 
-------------------- Page layout dimensions and switches
\paperwidth  614.295pt
\paperheight 794.96999pt
\textwidth  349.0pt
\textheight 707.7945pt
\oddsidemargin  -15.36449pt
\evensidemargin -15.36449pt
\topmargin  0.0pt
\headheight 0.0pt
\headsep    0.0pt
\footskip   0.0pt
\marginparwidth 74.68849pt
\marginparsep   12.8401pt
\columnsep  10.0pt
\skip\footins  9.0pt plus 4.0pt minus 2.0pt
\hoffset 0.0pt
\voffset 0.0pt
\mag 1000

(1in=72.27pt, 1cm=28.45pt)
-----------------------

latex2htmlLength hsize=349.0pt

latex2htmlLength vsize=707.7945pt

latex2htmlLength hoffset=0.0pt

latex2htmlLength voffset=0.0pt

latex2htmlLength topmargin=0.0pt

latex2htmlLength topskip=0.00003pt

latex2htmlLength headheight=0.0pt

latex2htmlLength headsep=0.0pt

latex2htmlLength parskip=0.0pt plus 1.0pt

latex2htmlLength oddsidemargin=-15.36449pt

latex2htmlLength evensidemargin=-15.36449pt

LaTeX Font Info:    Try loading font information for OT1+ptmcm on input line 19
6.
(/usr/share/texmf-tetex/tex/latex/psnfss/ot1ptmcm.fd
File: ot1ptmcm.fd 2000/01/03 Fontinst v1.801 font definitions for OT1/ptmcm.
)
LaTeX Font Info:    Try loading font information for OML+ptmcm on input line 19
6.
(/usr/share/texmf-tetex/tex/latex/psnfss/omlptmcm.fd
File: omlptmcm.fd 2000/01/03 Fontinst v1.801 font definitions for OML/ptmcm.
)
LaTeX Font Info:    Try loading font information for OMX+psycm on input line 19
6.
(/usr/share/texmf-tetex/tex/latex/psnfss/omxpsycm.fd
File: omxpsycm.fd 2000/01/03 Fontinst v1.801 font definitions for OMX/psycm.
)
LaTeX Font Info:    Font shape `OT1/ptm/bx/n' in size <10> not available
(Font)              Font shape `OT1/ptm/b/n' tried instead on input line 196.
LaTeX Font Info:    Font shape `OT1/ptm/bx/n' in size <7.4> not available
(Font)              Font shape `OT1/ptm/b/n' tried instead on input line 196.
LaTeX Font Info:    Font shape `OT1/ptm/bx/n' in size <6> not available
(Font)              Font shape `OT1/ptm/b/n' tried instead on input line 196.
LaTeX Font Info:    Try loading font information for U+msa on input line 196.
(/usr/share/texmf-tetex/tex/latex/amsfonts/umsa.fd
File: umsa.fd 2002/01/19 v2.2g AMS font definitions
)
LaTeX Font Info:    Try loading font information for U+msb on input line 196.
(/usr/share/texmf-tetex/tex/latex/amsfonts/umsb.fd
File: umsb.fd 2002/01/19 v2.2g AMS font definitions
)
l2hSize :tex2html_wrap_inline3564:7.24997pt::7.24997pt::8.98854pt.
[1



]
l2hSize :tex2html_wrap_inline3566:7.94495pt::7.94495pt::18.98854pt.
[2


]
File: echo_path.eps Graphic file (type eps)
<echo_path.eps>
l2hSize :tex2html_wrap3582:161.12456pt::0.0pt::349.0pt.
[3


]
l2hSize :tex2html_wrap_inline3590:7.24997pt::7.24997pt::5.50003pt.
[4


]
l2hSize :tex2html_wrap_inline3648:7.34491pt::7.34491pt::5.50003pt.
[5


]
l2hSize :tex2html_wrap_inline3666:7.24997pt::7.24997pt::7.76991pt.
[6


]
File: celp_decoder.eps Graphic file (type eps)
<celp_decoder.eps>
l2hSize :tex2html_wrap3779:197.00055pt::0.0pt::349.0pt.
[7


]
l2hSize :tex2html_wrap_inline3785:8.0pt::8.0pt::15.50966pt.
[8


]
l2hSize :tex2html_wrap_indisplay3787:16.98746pt::16.98746pt::76.20615pt.
[9


]
l2hSize :tex2html_wrap_inline3789:8.0pt::8.0pt::15.47977pt.
[10


]
l2hSize :tex2html_wrap_indisplay3793:16.98746pt::16.98746pt::154.51459pt.
[11


]
l2hSize :tex2html_wrap_inline3795:7.24997pt::7.24997pt::8.05714pt.
[12


]
l2hSize :tex2html_wrap_indisplay3797:20.0891pt::20.0891pt::175.81178pt.
[13


]
l2hSize :tex2html_wrap_inline3799:9.94919pt::9.94919pt::12.42351pt.
[14


]
l2hSize :tex2html_wrap_indisplay3801:20.0891pt::20.0891pt::165.46019pt.
[15


]
l2hSize :tex2html_wrap_inline3807:7.24997pt::7.24997pt::25.5874pt.
[16


]
l2hSize :tex2html_wrap_inline3809:7.24997pt::7.24997pt::29.37418pt.
[17


]
l2hSize :tex2html_wrap_indisplay3811:30.305pt::30.305pt::194.9586pt.
[18


]
l2hSize :tex2html_wrap_indisplay3813:30.305pt::30.305pt::61.6136pt.
[19


]
l2hSize :tex2html_wrap_inline3815:8.0pt::8.0pt::21.58972pt.
[20


]
l2hSize :tex2html_wrap_indisplay3819:17.13547pt::17.13547pt::93.09108pt.
[21


]
l2hSize :tex2html_wrap_inline3821:6.74997pt::0.0pt::7.72pt.
[22


]
l2hSize :tex2html_wrap_inline3823:9.08043pt::9.08043pt::29.65079pt.
[23


]
l2hSize :tex2html_wrap_inline3825:9.08043pt::9.08043pt::29.65079pt.
[24


]
l2hSize :tex2html_wrap_inline3827:8.0pt::8.0pt::18.25964pt.
[25


]
l2hSize :tex2html_wrap_inline3829:8.0pt::8.0pt::28.25964pt.
[26


]
l2hSize :tex2html_wrap_inline3831:8.0pt::8.0pt::19.36975pt.
[27


]
l2hSize :tex2html_wrap_inline3834:8.0pt::8.0pt::15.47977pt.
[28


]
l2hSize :tex2html_wrap_indisplay3836:8.0pt::8.0pt::94.04517pt.
[29


]
l2hSize :tex2html_wrap_inline3838:6.74997pt::0.0pt::7.32986pt.
[30


]
l2hSize :tex2html_wrap_inline3840:7.94495pt::7.94495pt::5.99pt.
[31


]
l2hSize :tex2html_wrap_inline3842:8.0pt::8.0pt::32.85721pt.
[32


]
l2hSize :tex2html_wrap_inline3844:7.24997pt::7.24997pt::29.04408pt.
[33


]
l2hSize :tex2html_wrap_inline3849:8.0pt::8.0pt::15.47977pt.
[34


]
l2hSize :tex2html_wrap_indisplay3851:8.0pt::8.0pt::145.09985pt.
[35


]
l2hSize :tex2html_wrap_inline3855:8.0pt::8.0pt::19.19957pt.
[36


]
l2hSize :tex2html_wrap_indisplay3857:14.7699pt::14.7699pt::96.67548pt.
[37


]
l2hSize :tex2html_wrap_inline3860:8.0pt::8.0pt::21.2096pt.
[38


]
l2hSize :tex2html_wrap_indisplay3866:14.7699pt::14.7699pt::66.89342pt.
[39


]
l2hSize :tex2html_wrap_inline3868:7.24997pt::7.24997pt::33.79414pt.
[40


]
l2hSize :tex2html_wrap_inline3870:7.32988pt::7.32988pt::33.79414pt.
[41


]
l2hSize :tex2html_wrap_inline3874:7.24997pt::7.24997pt::8.80713pt.
[42


]
l2hSize :tex2html_wrap_inline3876:7.24997pt::7.24997pt::4.38992pt.
[43


]
l2hSize :tex2html_wrap_inline3878:8.0pt::8.0pt::27.36963pt.
[44


]
l2hSize :tex2html_wrap_inline3880:8.17761pt::8.17761pt::33.43845pt.
[45


]
l2hSize :tex2html_wrap_inline3884:8.0pt::8.0pt::31.2096pt.
[46


]
File: ref_shaping.eps Graphic file (type eps)
<ref_shaping.eps>
l2hSize :tex2html_wrap3891:193.50276pt::0.0pt::349.0pt.
[47


]
l2hSize :tex2html_wrap_inline3898:7.32988pt::7.32988pt::23.5488pt.
[48


]
l2hSize :tex2html_wrap_inline3900:7.24997pt::7.24997pt::23.55867pt.
[49


]
l2hSize :tex2html_wrap_inline3903:7.24997pt::7.24997pt::25.51361pt.
[50


]
l2hSize :tex2html_wrap_inline3905:8.72473pt::0.0pt::12.07529pt.
[51


]
l2hSize :tex2html_wrap_inline3907:9.40985pt::9.40985pt::18.25964pt.
[52


]
File: speex_analysis.eps Graphic file (type eps)
<speex_analysis.eps>
l2hSize :tex2html_wrap3912:83.2275pt::0.0pt::349.0pt.
[53


]
File: speex_abs.eps Graphic file (type eps)
<speex_abs.eps>
l2hSize :tex2html_wrap3917:350.86354pt::0.0pt::349.0pt.
[54


]
l2hSize :tex2html_wrap_inline3922:8.0pt::8.0pt::19.67976pt.
[55


]
l2hSize :tex2html_wrap_indisplay3924:8.0pt::8.0pt::208.75595pt.
[56


]
l2hSize :tex2html_wrap_inline3926:7.24997pt::7.24997pt::9.70003pt.
[57


]
l2hSize :tex2html_wrap_inline3928:7.24997pt::7.24997pt::9.70003pt.
[58


]
l2hSize :tex2html_wrap_inline3930:7.24997pt::7.24997pt::9.70003pt.
[59


]
l2hSize :tex2html_wrap_inline3936:7.24997pt::7.24997pt::55.63931pt.
[60


]
l2hSize :tex2html_wrap_inline3938:7.24997pt::7.24997pt::43.42508pt.
[61


]
l2hSize :tex2html_wrap_inline3940:8.0pt::8.0pt::34.9208pt.
[62


]
l2hSize :tex2html_wrap_inline3942:7.94495pt::7.94495pt::8.54712pt.
[63


]
l2hSize :tex2html_wrap_inline3946:7.24997pt::7.24997pt::20.52603pt.
[64


]
l2hSize :tex2html_wrap_inline4173:8.0pt::8.0pt::57.20346pt.
[65


]
l2hSize :tex2html_wrap_indisplay4175:14.7699pt::14.7699pt::101.6313pt.
[66


]
l2hSize :tex2html_wrap_inline4177:7.24997pt::7.24997pt::9.70003pt.
[67


]
l2hSize :tex2html_wrap_inline4179:7.24997pt::7.24997pt::9.70003pt.
[68


]
l2hSize :tex2html_wrap_inline4181:11.99493pt::11.99493pt::78.60036pt.
[69


]
l2hSize :tex2html_wrap_inline4183:7.24997pt::7.24997pt::24.60402pt.
[70


]
l2hSize :tex2html_wrap_inline4294:9.18399pt::9.18399pt::21.16992pt.
[71


]
l2hSize :tex2html_wrap_inline4296:7.24997pt::7.24997pt::21.03983pt.
[72


]
l2hSize :tex2html_wrap_inline4298:7.24997pt::7.24997pt::28.26993pt.
[73


] (./images.aux) ) 
Here is how much of TeX's memory you used:
 3484 strings out of 94501
 43711 string characters out of 1175811
 101844 words of memory out of 1000000
 6600 multiletter control sequences out of 10000+50000
 15059 words of font info for 40 fonts, out of 500000 for 2000
 580 hyphenation exceptions out of 8191
 30i,10n,27p,224b,210s stack positions out of 1500i,500n,5000p,200000b,5000s

Output written on images.dvi (73 pages, 18680 bytes).
